[2017-10-08 23:46:42.964] [INFO] resLogger - 
*************** response log start ***************
request method: GET
request originalUrl:  /
request client ip:  ::ffff:127.0.0.1
request query:  {}
response time: 345
response status: 200
response body: 
"<!DOCTYPE html><html><head><title>koa2 title</title><link rel=\"stylesheet\" href=\"/stylesheets/style.css\"></head><body><h1>koa2 title</h1><p>Welcome to koa2 title</p></body></html>"
*************** response log end ***************

[2017-10-08 23:46:43.166] [INFO] resLogger - 
*************** response log start ***************
request method: GET
request originalUrl:  /favicon.ico
request client ip:  ::ffff:127.0.0.1
request query:  {}
response time: 1
response status: 404
response body: 
undefined
*************** response log end ***************

[2017-10-08 23:47:56.063] [INFO] resLogger - 
*************** response log start ***************
request method: GET
request originalUrl:  /
request client ip:  ::ffff:127.0.0.1
request query:  {}
response time: 230
response status: 200
response body: 
"<!DOCTYPE html><html><head><title>koa2 title</title><link rel=\"stylesheet\" href=\"/stylesheets/style.css\"></head><body><h1>koa2 title</h1><p>Welcome to koa2 title</p></body></html>"
*************** response log end ***************

[2017-10-08 23:47:57.797] [INFO] resLogger - 
*************** response log start ***************
request method: GET
request originalUrl:  /
request client ip:  ::ffff:127.0.0.1
request query:  {}
response time: 14
response status: 200
response body: 
"<!DOCTYPE html><html><head><title>koa2 title</title><link rel=\"stylesheet\" href=\"/stylesheets/style.css\"></head><body><h1>koa2 title</h1><p>Welcome to koa2 title</p></body></html>"
*************** response log end ***************

